上午 02:21:12  [main] 	Initializing Control Panel
上午 02:21:12  [main] 	Windows Version:  Enterprise  64-bit
上午 02:21:12  [main] 	XAMPP Version: 5.6.38
上午 02:21:12  [main] 	Control Panel Version: 3.2.2  [ Compiled: Nov 12th 2015 ]
上午 02:21:12  [main] 	You are not running with administrator rights! This will work for
上午 02:21:12  [main] 	most application stuff but whenever you do something with services
上午 02:21:12  [main] 	there will be a security dialogue or things will break! So think 
上午 02:21:12  [main] 	about running this application with administrator rights!
上午 02:21:12  [main] 	XAMPP Installation Directory: "c:\users\user001\desktop\xampp\"
上午 02:21:12  [main] 	Checking for prerequisites
上午 02:21:12  [main] 	All prerequisites found
上午 02:21:12  [main] 	Initializing Modules
上午 02:21:12  [main] 	Starting Check-Timer
上午 02:21:12  [main] 	Control Panel Ready
上午 02:21:13  [Apache] 	Attempting to start Apache app...
上午 02:21:14  [Apache] 	Status change detected: running
上午 02:22:36  [Apache] 	Attempting to stop Apache (PID: 1556)
上午 02:22:36  [Apache] 	Attempting to stop Apache (PID: 13356)
上午 02:22:37  [Apache] 	Status change detected: stopped
上午 02:22:37  [Apache] 	Attempting to start Apache app...
上午 02:22:37  [Apache] 	Status change detected: running
上午 02:23:27  [Apache] 	Attempting to stop Apache (PID: 5012)
上午 02:23:27  [Apache] 	Attempting to stop Apache (PID: 13456)
上午 02:23:27  [Apache] 	Status change detected: stopped
上午 02:23:28  [Apache] 	Attempting to start Apache app...
上午 02:23:28  [Apache] 	Status change detected: running
上午 02:42:21  [Apache] 	Attempting to stop Apache (PID: 6384)
上午 02:42:21  [Apache] 	Attempting to stop Apache (PID: 13972)
上午 02:42:21  [Apache] 	Status change detected: stopped
上午 02:42:21  [Apache] 	Attempting to start Apache app...
上午 02:42:21  [Apache] 	Status change detected: running
上午 02:57:41  [Apache] 	Attempting to stop Apache (PID: 8088)
上午 02:57:41  [Apache] 	Attempting to stop Apache (PID: 5872)
上午 02:57:41  [Apache] 	Status change detected: stopped
上午 02:57:41  [Apache] 	Attempting to start Apache app...
上午 02:57:42  [Apache] 	Status change detected: running
上午 03:00:30  [Apache] 	Attempting to stop Apache (PID: 9532)
上午 03:00:30  [Apache] 	Attempting to stop Apache (PID: 9856)
上午 03:00:30  [Apache] 	Status change detected: stopped
上午 03:00:30  [Apache] 	Attempting to start Apache app...
上午 03:00:30  [Apache] 	Status change detected: running
下午 06:53:13  [main] 	Deinitializing Modules
下午 06:53:13  [main] 	Deinitializing Control Panel

上午 02:05:00  [main] 	Initializing Control Panel
上午 02:05:00  [main] 	Windows Version:  Enterprise  64-bit
上午 02:05:00  [main] 	XAMPP Version: 5.6.38
上午 02:05:00  [main] 	Control Panel Version: 3.2.2  [ Compiled: Nov 12th 2015 ]
上午 02:05:00  [main] 	You are not running with administrator rights! This will work for
上午 02:05:00  [main] 	most application stuff but whenever you do something with services
上午 02:05:00  [main] 	there will be a security dialogue or things will break! So think 
上午 02:05:00  [main] 	about running this application with administrator rights!
上午 02:05:00  [main] 	XAMPP Installation Directory: "c:\users\user001\desktop\xampp\"
上午 02:05:00  [main] 	Checking for prerequisites
上午 02:05:00  [main] 	All prerequisites found
上午 02:05:00  [main] 	Initializing Modules
上午 02:05:00  [main] 	Starting Check-Timer
上午 02:05:00  [main] 	Control Panel Ready
上午 02:05:02  [Apache] 	Attempting to start Apache app...
上午 02:05:02  [Apache] 	Status change detected: running
上午 02:08:44  [Apache] 	Attempting to stop Apache (PID: 9068)
上午 02:08:44  [Apache] 	Attempting to stop Apache (PID: 2076)
上午 02:08:44  [Apache] 	Status change detected: stopped
上午 02:21:14  [Apache] 	Status change detected: running
上午 02:22:37  [Apache] 	Status change detected: stopped
上午 02:22:38  [Apache] 	Status change detected: running
上午 02:23:27  [Apache] 	Status change detected: stopped
上午 02:23:29  [Apache] 	Status change detected: running
上午 02:42:21  [Apache] 	Status change detected: stopped
上午 02:42:22  [Apache] 	Status change detected: running
上午 02:57:41  [Apache] 	Status change detected: stopped
上午 02:57:42  [Apache] 	Status change detected: running
上午 03:00:30  [Apache] 	Status change detected: stopped
上午 03:00:31  [Apache] 	Status change detected: running
下午 06:53:15  [main] 	Deinitializing Modules
下午 06:53:15  [main] 	Deinitializing Control Panel

下午 07:14:32  [main] 	Initializing Control Panel
下午 07:14:32  [main] 	Windows Version:  Enterprise  64-bit
下午 07:14:32  [main] 	XAMPP Version: 5.6.38
下午 07:14:32  [main] 	Control Panel Version: 3.2.2  [ Compiled: Nov 12th 2015 ]
下午 07:14:32  [main] 	You are not running with administrator rights! This will work for
下午 07:14:32  [main] 	most application stuff but whenever you do something with services
下午 07:14:32  [main] 	there will be a security dialogue or things will break! So think 
下午 07:14:32  [main] 	about running this application with administrator rights!
下午 07:14:32  [main] 	XAMPP Installation Directory: "c:\users\user001\desktop\xampp\"
下午 07:14:32  [main] 	Checking for prerequisites
下午 07:14:32  [main] 	All prerequisites found
下午 07:14:32  [main] 	Initializing Modules
下午 07:14:32  [main] 	Starting Check-Timer
下午 07:14:32  [main] 	Control Panel Ready
下午 07:14:33  [Apache] 	Attempting to start Apache app...
下午 07:14:33  [Apache] 	Status change detected: running
上午 05:13:01  [main] 	Deinitializing Modules
上午 05:13:01  [main] 	Deinitializing Control Panel

下午 12:03:08  [main] 	Initializing Control Panel
下午 12:03:08  [main] 	Windows Version:  Enterprise  64-bit
下午 12:03:08  [main] 	XAMPP Version: 5.6.38
下午 12:03:08  [main] 	Control Panel Version: 3.2.2  [ Compiled: Nov 12th 2015 ]
下午 12:03:08  [main] 	You are not running with administrator rights! This will work for
下午 12:03:08  [main] 	most application stuff but whenever you do something with services
下午 12:03:08  [main] 	there will be a security dialogue or things will break! So think 
下午 12:03:08  [main] 	about running this application with administrator rights!
下午 12:03:08  [main] 	XAMPP Installation Directory: "c:\users\user001\desktop\xampp\"
下午 12:03:08  [main] 	Checking for prerequisites
下午 12:03:19  [main] 	All prerequisites found
下午 12:03:19  [main] 	Initializing Modules
下午 12:03:19  [main] 	Starting Check-Timer
下午 12:03:19  [main] 	Control Panel Ready
下午 12:04:01  [Apache] 	Attempting to start Apache app...
下午 12:04:01  [Apache] 	Status change detected: running
上午 05:10:01  [main] 	Deinitializing Modules
上午 05:10:02  [main] 	Deinitializing Control Panel

下午 01:53:26  [main] 	Initializing Control Panel
下午 01:53:26  [main] 	Windows Version:  Enterprise  64-bit
下午 01:53:26  [main] 	XAMPP Version: 5.6.38
下午 01:53:26  [main] 	Control Panel Version: 3.2.2  [ Compiled: Nov 12th 2015 ]
下午 01:53:26  [main] 	You are not running with administrator rights! This will work for
下午 01:53:26  [main] 	most application stuff but whenever you do something with services
下午 01:53:26  [main] 	there will be a security dialogue or things will break! So think 
下午 01:53:26  [main] 	about running this application with administrator rights!
下午 01:53:26  [main] 	XAMPP Installation Directory: "c:\users\user001\desktop\xampp\"
下午 01:53:26  [main] 	Checking for prerequisites
下午 01:53:34  [main] 	All prerequisites found
下午 01:53:34  [main] 	Initializing Modules
下午 01:53:34  [main] 	Starting Check-Timer
下午 01:53:34  [main] 	Control Panel Ready
下午 01:53:36  [Apache] 	Attempting to start Apache app...
下午 01:53:36  [Apache] 	Status change detected: running
上午 12:44:28  [Apache] 	Attempting to stop Apache (PID: 7956)
上午 12:44:28  [Apache] 	Attempting to stop Apache (PID: 4812)
上午 12:44:28  [Apache] 	Status change detected: stopped
上午 12:44:29  [Apache] 	Attempting to start Apache app...
上午 12:44:29  [Apache] 	Status change detected: running
下午 08:45:11  [Apache] 	Attempting to stop Apache (PID: 1596)
下午 08:45:11  [Apache] 	Attempting to stop Apache (PID: 14148)
下午 08:45:12  [Apache] 	Status change detected: stopped
下午 08:45:13  [Apache] 	Attempting to start Apache app...
下午 08:45:13  [Apache] 	Status change detected: running
上午 02:12:01  [main] 	Deinitializing Modules
上午 02:12:01  [main] 	Deinitializing Control Panel

下午 11:56:49  [main] 	Initializing Control Panel
下午 11:56:49  [main] 	Windows Version:  Enterprise  64-bit
下午 11:56:49  [main] 	XAMPP Version: 5.6.38
下午 11:56:49  [main] 	Control Panel Version: 3.2.2  [ Compiled: Nov 12th 2015 ]
下午 11:56:49  [main] 	You are not running with administrator rights! This will work for
下午 11:56:49  [main] 	most application stuff but whenever you do something with services
下午 11:56:49  [main] 	there will be a security dialogue or things will break! So think 
下午 11:56:49  [main] 	about running this application with administrator rights!
下午 11:56:49  [main] 	XAMPP Installation Directory: "c:\users\user001\desktop\xampp\"
下午 11:56:49  [main] 	Checking for prerequisites
下午 11:56:51  [main] 	All prerequisites found
下午 11:56:51  [main] 	Initializing Modules
下午 11:56:51  [main] 	Starting Check-Timer
下午 11:56:51  [main] 	Control Panel Ready
下午 11:56:53  [Apache] 	Attempting to start Apache app...
下午 11:56:53  [Apache] 	Status change detected: running
下午 11:56:54  [Apache] 	Attempting to stop Apache (PID: 10968)
下午 11:56:54  [Apache] 	Status change detected: stopped
下午 11:56:57  [Apache] 	Attempting to start Apache app...
下午 11:56:58  [Apache] 	Status change detected: running
下午 08:08:02  [main] 	Deinitializing Modules
下午 08:08:02  [main] 	Deinitializing Control Panel

下午 08:17:21  [main] 	Initializing Control Panel
下午 08:17:21  [main] 	Windows Version:  Enterprise  64-bit
下午 08:17:21  [main] 	XAMPP Version: 5.6.38
下午 08:17:21  [main] 	Control Panel Version: 3.2.2  [ Compiled: Nov 12th 2015 ]
下午 08:17:21  [main] 	You are not running with administrator rights! This will work for
下午 08:17:21  [main] 	most application stuff but whenever you do something with services
下午 08:17:21  [main] 	there will be a security dialogue or things will break! So think 
下午 08:17:21  [main] 	about running this application with administrator rights!
下午 08:17:21  [main] 	XAMPP Installation Directory: "c:\users\user001\desktop\xampp\"
下午 08:17:21  [main] 	Checking for prerequisites
下午 08:17:54  [main] 	All prerequisites found
下午 08:17:54  [main] 	Initializing Modules
下午 08:17:54  [main] 	Starting Check-Timer
下午 08:17:54  [main] 	Control Panel Ready
下午 08:17:58  [Apache] 	Status change detected: running
上午 12:00:01  [main] 	Deinitializing Modules
上午 12:00:01  [main] 	Deinitializing Control Panel

下午 04:42:06  [main] 	Initializing Control Panel
下午 04:42:06  [main] 	Windows Version:  Enterprise  64-bit
下午 04:42:06  [main] 	XAMPP Version: 5.6.38
下午 04:42:06  [main] 	Control Panel Version: 3.2.2  [ Compiled: Nov 12th 2015 ]
下午 04:42:06  [main] 	You are not running with administrator rights! This will work for
下午 04:42:06  [main] 	most application stuff but whenever you do something with services
下午 04:42:06  [main] 	there will be a security dialogue or things will break! So think 
下午 04:42:06  [main] 	about running this application with administrator rights!
下午 04:42:06  [main] 	XAMPP Installation Directory: "c:\users\user001\desktop\xampp\"
下午 04:42:06  [main] 	Checking for prerequisites
下午 04:42:07  [main] 	All prerequisites found
下午 04:42:07  [main] 	Initializing Modules
下午 04:42:07  [main] 	Starting Check-Timer
下午 04:42:07  [main] 	Control Panel Ready
下午 04:42:09  [Apache] 	Attempting to start Apache app...
下午 04:42:09  [Apache] 	Status change detected: running
上午 04:12:01  [main] 	Deinitializing Modules
上午 04:12:01  [main] 	Deinitializing Control Panel

下午 10:27:43  [main] 	Initializing Control Panel
下午 10:27:43  [main] 	Windows Version:  Enterprise  64-bit
下午 10:27:43  [main] 	XAMPP Version: 5.6.38
下午 10:27:43  [main] 	Control Panel Version: 3.2.2  [ Compiled: Nov 12th 2015 ]
下午 10:27:43  [main] 	You are not running with administrator rights! This will work for
下午 10:27:43  [main] 	most application stuff but whenever you do something with services
下午 10:27:43  [main] 	there will be a security dialogue or things will break! So think 
下午 10:27:43  [main] 	about running this application with administrator rights!
下午 10:27:43  [main] 	XAMPP Installation Directory: "c:\users\user001\desktop\xampp\"
下午 10:27:43  [main] 	Checking for prerequisites
下午 10:27:43  [main] 	All prerequisites found
下午 10:27:43  [main] 	Initializing Modules
下午 10:27:43  [main] 	Starting Check-Timer
下午 10:27:43  [main] 	Control Panel Ready
下午 10:27:45  [Apache] 	Attempting to start Apache app...
下午 10:27:45  [Apache] 	Status change detected: running
上午 01:03:01  [main] 	Deinitializing Modules
上午 01:03:01  [main] 	Deinitializing Control Panel

下午 03:33:58  [main] 	Initializing Control Panel
下午 03:33:58  [main] 	Windows Version:  Enterprise  64-bit
下午 03:33:58  [main] 	XAMPP Version: 5.6.38
下午 03:33:58  [main] 	Control Panel Version: 3.2.2  [ Compiled: Nov 12th 2015 ]
下午 03:33:58  [main] 	You are not running with administrator rights! This will work for
下午 03:33:58  [main] 	most application stuff but whenever you do something with services
下午 03:33:58  [main] 	there will be a security dialogue or things will break! So think 
下午 03:33:58  [main] 	about running this application with administrator rights!
下午 03:33:58  [main] 	XAMPP Installation Directory: "c:\users\user001\desktop\xampp\"
下午 03:33:58  [main] 	Checking for prerequisites
下午 03:34:00  [main] 	All prerequisites found
下午 03:34:00  [main] 	Initializing Modules
下午 03:34:00  [main] 	Starting Check-Timer
下午 03:34:00  [main] 	Control Panel Ready
下午 03:34:02  [Apache] 	Attempting to start Apache app...
下午 03:34:02  [Apache] 	Status change detected: running
下午 05:25:16  [main] 	Deinitializing Modules
下午 05:25:16  [main] 	Deinitializing Control Panel

下午 05:38:23  [main] 	Initializing Control Panel
下午 05:38:23  [main] 	Windows Version:  Enterprise  64-bit
下午 05:38:23  [main] 	XAMPP Version: 5.6.38
下午 05:38:24  [main] 	Control Panel Version: 3.2.2  [ Compiled: Nov 12th 2015 ]
下午 05:38:24  [main] 	You are not running with administrator rights! This will work for
下午 05:38:24  [main] 	most application stuff but whenever you do something with services
下午 05:38:24  [main] 	there will be a security dialogue or things will break! So think 
下午 05:38:24  [main] 	about running this application with administrator rights!
下午 05:38:24  [main] 	XAMPP Installation Directory: "c:\users\user001\desktop\xampp\"
下午 05:38:24  [main] 	Checking for prerequisites
下午 05:38:26  [main] 	All prerequisites found
下午 05:38:26  [main] 	Initializing Modules
下午 05:38:26  [main] 	Starting Check-Timer
下午 05:38:26  [main] 	Control Panel Ready
下午 05:38:28  [Apache] 	Attempting to start Apache app...
下午 05:38:28  [Apache] 	Status change detected: running
上午 02:14:00  [main] 	Deinitializing Modules
上午 02:14:00  [main] 	Deinitializing Control Panel

下午 07:18:25  [main] 	Initializing Control Panel
下午 07:18:25  [main] 	Windows Version:  Enterprise  64-bit
下午 07:18:25  [main] 	XAMPP Version: 5.6.38
下午 07:18:25  [main] 	Control Panel Version: 3.2.2  [ Compiled: Nov 12th 2015 ]
下午 07:18:25  [main] 	You are not running with administrator rights! This will work for
下午 07:18:25  [main] 	most application stuff but whenever you do something with services
下午 07:18:25  [main] 	there will be a security dialogue or things will break! So think 
下午 07:18:25  [main] 	about running this application with administrator rights!
下午 07:18:25  [main] 	XAMPP Installation Directory: "c:\users\user001\desktop\xampp\"
下午 07:18:25  [main] 	Checking for prerequisites
下午 07:18:27  [main] 	All prerequisites found
下午 07:18:27  [main] 	Initializing Modules
下午 07:18:27  [main] 	Starting Check-Timer
下午 07:18:27  [main] 	Control Panel Ready
下午 07:18:29  [Apache] 	Attempting to start Apache app...
下午 07:18:30  [Apache] 	Status change detected: running
下午 07:33:01  [main] 	Deinitializing Modules
下午 07:33:01  [main] 	Deinitializing Control Panel

上午 03:40:45  [main] 	Initializing Control Panel
上午 03:40:45  [main] 	Windows Version:  Enterprise  64-bit
上午 03:40:45  [main] 	XAMPP Version: 5.6.38
上午 03:40:45  [main] 	Control Panel Version: 3.2.2  [ Compiled: Nov 12th 2015 ]
上午 03:40:45  [main] 	You are not running with administrator rights! This will work for
上午 03:40:45  [main] 	most application stuff but whenever you do something with services
上午 03:40:45  [main] 	there will be a security dialogue or things will break! So think 
上午 03:40:45  [main] 	about running this application with administrator rights!
上午 03:40:45  [main] 	XAMPP Installation Directory: "c:\users\user001\desktop\xampp\"
上午 03:40:45  [main] 	Checking for prerequisites
上午 03:40:45  [main] 	All prerequisites found
上午 03:40:45  [main] 	Initializing Modules
上午 03:40:45  [Apache] 	XAMPP Apache is already running on port 80
上午 03:40:45  [Apache] 	XAMPP Apache is already running on port 443
上午 03:40:46  [main] 	Starting Check-Timer
上午 03:40:46  [main] 	Control Panel Ready
上午 03:40:49  [Apache] 	Attempting to stop Apache (PID: 8336)
上午 03:40:49  [Apache] 	Attempting to stop Apache (PID: 2328)
上午 03:40:49  [Apache] 	Status change detected: stopped
上午 03:40:51  [Apache] 	Attempting to start Apache app...
上午 03:40:51  [Apache] 	Status change detected: running
上午 03:48:32  [Apache] 	Status change detected: stopped
上午 03:48:32  [Apache] 	Error: Apache shutdown unexpectedly.
上午 03:48:32  [Apache] 	This may be due to a blocked port, missing dependencies, 
上午 03:48:32  [Apache] 	improper privileges, a crash, or a shutdown by another method.
上午 03:48:32  [Apache] 	Press the Logs button to view error logs and check
上午 03:48:32  [Apache] 	the Windows Event Viewer for more clues
上午 03:48:32  [Apache] 	If you need more help, copy and post this
上午 03:48:32  [Apache] 	entire log window on the forums
上午 03:48:33  [Apache] 	Status change detected: running
上午 03:48:56  [Apache] 	Status change detected: stopped
上午 03:48:56  [Apache] 	Error: Apache shutdown unexpectedly.
上午 03:48:56  [Apache] 	This may be due to a blocked port, missing dependencies, 
上午 03:48:56  [Apache] 	improper privileges, a crash, or a shutdown by another method.
上午 03:48:56  [Apache] 	Press the Logs button to view error logs and check
上午 03:48:56  [Apache] 	the Windows Event Viewer for more clues
上午 03:48:56  [Apache] 	If you need more help, copy and post this
上午 03:48:56  [Apache] 	entire log window on the forums
上午 03:48:59  [main] 	Deinitializing Modules
上午 03:48:59  [main] 	Deinitializing Control Panel

上午 11:11:38  [main] 	Initializing Control Panel
上午 11:11:38  [main] 	Windows Version:  Enterprise  64-bit
上午 11:11:38  [main] 	XAMPP Version: 5.6.38
上午 11:11:38  [main] 	Control Panel Version: 3.2.2  [ Compiled: Nov 12th 2015 ]
上午 11:11:38  [main] 	You are not running with administrator rights! This will work for
上午 11:11:38  [main] 	most application stuff but whenever you do something with services
上午 11:11:38  [main] 	there will be a security dialogue or things will break! So think 
上午 11:11:38  [main] 	about running this application with administrator rights!
上午 11:11:38  [main] 	XAMPP Installation Directory: "c:\users\user001\desktop\xampp\"
上午 11:11:38  [main] 	Checking for prerequisites
上午 11:11:38  [main] 	All prerequisites found
上午 11:11:38  [main] 	Initializing Modules
上午 11:11:38  [main] 	Starting Check-Timer
上午 11:11:38  [main] 	Control Panel Ready
上午 11:11:40  [Apache] 	Attempting to start Apache app...
上午 11:11:41  [Apache] 	Status change detected: running
上午 03:36:18  [Apache] 	Attempting to stop Apache (PID: 9680)
上午 03:36:18  [Apache] 	Attempting to stop Apache (PID: 11012)
上午 03:36:18  [Apache] 	Status change detected: stopped
上午 03:36:19  [Apache] 	Attempting to start Apache app...
上午 03:36:19  [Apache] 	Status change detected: running
上午 03:40:49  [Apache] 	Status change detected: stopped
上午 03:40:49  [Apache] 	Error: Apache shutdown unexpectedly.
上午 03:40:49  [Apache] 	This may be due to a blocked port, missing dependencies, 
上午 03:40:49  [Apache] 	improper privileges, a crash, or a shutdown by another method.
上午 03:40:49  [Apache] 	Press the Logs button to view error logs and check
上午 03:40:49  [Apache] 	the Windows Event Viewer for more clues
上午 03:40:49  [Apache] 	If you need more help, copy and post this
上午 03:40:49  [Apache] 	entire log window on the forums
上午 03:40:51  [Apache] 	Status change detected: running
上午 03:48:31  [Apache] 	Attempting to stop Apache (PID: 1428)
上午 03:48:31  [Apache] 	Attempting to stop Apache (PID: 14216)
上午 03:48:32  [Apache] 	Status change detected: stopped
上午 03:48:33  [Apache] 	Attempting to start Apache app...
上午 03:48:33  [Apache] 	Status change detected: running
上午 03:48:55  [Apache] 	Attempting to stop Apache (PID: 11308)
上午 03:48:55  [Apache] 	Attempting to stop Apache (PID: 9784)
上午 03:48:56  [Apache] 	Status change detected: stopped
上午 03:49:02  [main] 	Deinitializing Modules
上午 03:49:02  [main] 	Deinitializing Control Panel

上午 03:49:05  [main] 	Initializing Control Panel
上午 03:49:05  [main] 	Windows Version:  Enterprise  64-bit
上午 03:49:05  [main] 	XAMPP Version: 5.6.38
上午 03:49:05  [main] 	Control Panel Version: 3.2.2  [ Compiled: Nov 12th 2015 ]
上午 03:49:05  [main] 	You are not running with administrator rights! This will work for
上午 03:49:05  [main] 	most application stuff but whenever you do something with services
上午 03:49:05  [main] 	there will be a security dialogue or things will break! So think 
上午 03:49:05  [main] 	about running this application with administrator rights!
上午 03:49:05  [main] 	XAMPP Installation Directory: "c:\users\user001\desktop\xampp\"
上午 03:49:05  [main] 	Checking for prerequisites
上午 03:49:06  [main] 	All prerequisites found
上午 03:49:06  [main] 	Initializing Modules
上午 03:49:06  [main] 	Starting Check-Timer
上午 03:49:06  [main] 	Control Panel Ready
上午 03:49:07  [Apache] 	Attempting to start Apache app...
上午 03:49:08  [Apache] 	Status change detected: running
下午 04:16:47  [Apache] 	Attempting to stop Apache (PID: 5864)
下午 04:16:47  [Apache] 	Attempting to stop Apache (PID: 1328)
下午 04:16:48  [Apache] 	Status change detected: stopped
下午 04:16:49  [Apache] 	Problem detected!
下午 04:16:49  [Apache] 	Port 80 in use by "Unable to get info" with PID 5864!
下午 04:16:49  [Apache] 	Apache WILL NOT start without the configured ports free!
下午 04:16:49  [Apache] 	You need to uninstall/disable/reconfigure the blocking application
下午 04:16:49  [Apache] 	or reconfigure Apache and the Control Panel to listen on a different port
下午 04:16:49  [Apache] 	Attempting to start Apache app...
下午 04:16:49  [Apache] 	Status change detected: running
下午 08:10:01  [main] 	Deinitializing Modules
下午 08:10:01  [main] 	Deinitializing Control Panel

下午 04:40:56  [main] 	Initializing Control Panel
下午 04:40:56  [main] 	Windows Version:  Enterprise  64-bit
下午 04:40:57  [main] 	XAMPP Version: 5.6.38
下午 04:40:57  [main] 	Control Panel Version: 3.2.2  [ Compiled: Nov 12th 2015 ]
下午 04:40:57  [main] 	You are not running with administrator rights! This will work for
下午 04:40:57  [main] 	most application stuff but whenever you do something with services
下午 04:40:57  [main] 	there will be a security dialogue or things will break! So think 
下午 04:40:57  [main] 	about running this application with administrator rights!
下午 04:40:57  [main] 	XAMPP Installation Directory: "c:\users\user001\desktop\xampp\"
下午 04:40:57  [main] 	Checking for prerequisites
下午 04:41:02  [main] 	All prerequisites found
下午 04:41:02  [main] 	Initializing Modules
下午 04:41:02  [main] 	Starting Check-Timer
下午 04:41:02  [main] 	Control Panel Ready
下午 04:41:05  [Apache] 	Attempting to start Apache app...
下午 04:41:05  [Apache] 	Status change detected: running
下午 11:08:12  [Apache] 	Attempting to stop Apache (PID: 11660)
下午 11:08:12  [Apache] 	Attempting to stop Apache (PID: 9132)
下午 11:08:12  [Apache] 	Status change detected: stopped
下午 11:09:04  [main] 	Deinitializing Modules
下午 11:09:04  [main] 	Deinitializing Control Panel

上午 02:05:03  [main] 	Initializing Control Panel
上午 02:05:03  [main] 	Windows Version:  Enterprise  64-bit
上午 02:05:03  [main] 	XAMPP Version: 5.6.38
上午 02:05:03  [main] 	Control Panel Version: 3.2.2  [ Compiled: Nov 12th 2015 ]
上午 02:05:03  [main] 	You are not running with administrator rights! This will work for
上午 02:05:03  [main] 	most application stuff but whenever you do something with services
上午 02:05:03  [main] 	there will be a security dialogue or things will break! So think 
上午 02:05:03  [main] 	about running this application with administrator rights!
上午 02:05:03  [main] 	XAMPP Installation Directory: "c:\users\user001\desktop\myresearchserver\xampp\"
上午 02:05:03  [main] 	Checking for prerequisites
上午 02:05:03  [main] 	All prerequisites found
上午 02:05:03  [main] 	Initializing Modules
上午 02:05:03  [main] 	Starting Check-Timer
上午 02:05:03  [main] 	Control Panel Ready
上午 02:05:05  [Apache] 	Attempting to start Apache app...
上午 02:05:06  [Apache] 	Status change detected: running
上午 02:05:18  [Apache] 	Attempting to stop Apache (PID: 8224)
上午 02:05:18  [Apache] 	Attempting to stop Apache (PID: 9404)
上午 02:05:18  [Apache] 	Status change detected: stopped
上午 02:05:23  [Apache] 	Attempting to start Apache app...
上午 02:05:23  [Apache] 	Status change detected: running
上午 02:06:01  [mysql] 	Status change detected: running
上午 02:06:31  [Apache] 	Attempting to stop Apache (PID: 15844)
上午 02:06:31  [Apache] 	Attempting to stop Apache (PID: 2908)
上午 02:06:31  [Apache] 	Status change detected: stopped
上午 02:07:12  [main] 	Deinitializing Modules
上午 02:07:12  [main] 	Deinitializing Control Panel

上午 02:03:34  [main] 	Initializing Control Panel
上午 02:03:34  [main] 	Windows Version:  Enterprise  64-bit
上午 02:03:34  [main] 	XAMPP Version: 5.6.38
上午 02:03:34  [main] 	Control Panel Version: 3.2.2  [ Compiled: Nov 12th 2015 ]
上午 02:03:34  [main] 	You are not running with administrator rights! This will work for
上午 02:03:34  [main] 	most application stuff but whenever you do something with services
上午 02:03:34  [main] 	there will be a security dialogue or things will break! So think 
上午 02:03:34  [main] 	about running this application with administrator rights!
上午 02:03:34  [main] 	XAMPP Installation Directory: "c:\users\user001\desktop\myresearchserver\xampp\"
上午 02:03:34  [main] 	Checking for prerequisites
上午 02:03:35  [main] 	All prerequisites found
上午 02:03:35  [main] 	Initializing Modules
上午 02:03:35  [Apache] 	Problem detected!
上午 02:03:35  [Apache] 	Port 80 in use by "Unable to get info" with PID 10680!
上午 02:03:35  [Apache] 	Apache WILL NOT start without the configured ports free!
上午 02:03:35  [Apache] 	You need to uninstall/disable/reconfigure the blocking application
上午 02:03:35  [Apache] 	or reconfigure Apache and the Control Panel to listen on a different port
上午 02:03:35  [main] 	Starting Check-Timer
上午 02:03:35  [main] 	Control Panel Ready
上午 02:03:36  [Apache] 	Problem detected!
上午 02:03:36  [Apache] 	Port 80 in use by "Unable to get info" with PID 10680!
上午 02:03:36  [Apache] 	Apache WILL NOT start without the configured ports free!
上午 02:03:36  [Apache] 	You need to uninstall/disable/reconfigure the blocking application
上午 02:03:36  [Apache] 	or reconfigure Apache and the Control Panel to listen on a different port
上午 02:03:36  [Apache] 	Attempting to start Apache app...
上午 02:03:37  [Apache] 	Status change detected: running
上午 02:04:47  [Apache] 	Attempting to stop Apache (PID: 1332)
上午 02:04:47  [Apache] 	Attempting to stop Apache (PID: 10596)
上午 02:04:47  [Apache] 	Status change detected: stopped
上午 02:05:06  [Apache] 	Status change detected: running
上午 02:05:19  [Apache] 	Status change detected: stopped
上午 02:05:23  [Apache] 	Status change detected: running
上午 02:06:01  [mysql] 	Status change detected: running
上午 02:06:31  [Apache] 	Status change detected: stopped
上午 02:07:15  [main] 	Deinitializing Modules
上午 02:07:15  [main] 	Deinitializing Control Panel

上午 02:07:24  [main] 	Initializing Control Panel
上午 02:07:24  [main] 	Windows Version:  Enterprise  64-bit
上午 02:07:24  [main] 	XAMPP Version: 5.6.38
上午 02:07:24  [main] 	Control Panel Version: 3.2.2  [ Compiled: Nov 12th 2015 ]
上午 02:07:24  [main] 	You are not running with administrator rights! This will work for
上午 02:07:24  [main] 	most application stuff but whenever you do something with services
上午 02:07:24  [main] 	there will be a security dialogue or things will break! So think 
上午 02:07:24  [main] 	about running this application with administrator rights!
上午 02:07:24  [main] 	XAMPP Installation Directory: "c:\users\user001\desktop\myresearchserver\xampp\"
上午 02:07:24  [main] 	Checking for prerequisites
上午 02:07:24  [main] 	All prerequisites found
上午 02:07:24  [main] 	Initializing Modules
上午 02:07:24  [Apache] 	Problem detected!
上午 02:07:24  [Apache] 	Port 80 in use by "C:\Users\User001\Desktop\xampp\apache\bin\httpd.exe" with PID 15884!
上午 02:07:24  [Apache] 	Apache WILL NOT start without the configured ports free!
上午 02:07:24  [Apache] 	You need to uninstall/disable/reconfigure the blocking application
上午 02:07:24  [Apache] 	or reconfigure Apache and the Control Panel to listen on a different port
上午 02:07:24  [Apache] 	Problem detected!
上午 02:07:24  [Apache] 	Port 443 in use by "C:\Users\User001\Desktop\xampp\apache\bin\httpd.exe" with PID 15884!
上午 02:07:24  [Apache] 	Apache WILL NOT start without the configured ports free!
上午 02:07:24  [Apache] 	You need to uninstall/disable/reconfigure the blocking application
上午 02:07:24  [Apache] 	or reconfigure Apache and the Control Panel to listen on a different port
上午 02:07:24  [mysql] 	XAMPP MySQL is already running on port 3306
上午 02:07:24  [main] 	Starting Check-Timer
上午 02:07:24  [main] 	Control Panel Ready
上午 02:07:26  [Apache] 	Problem detected!
上午 02:07:26  [Apache] 	Port 80 in use by "C:\Users\User001\Desktop\xampp\apache\bin\httpd.exe" with PID 15884!
上午 02:07:26  [Apache] 	Apache WILL NOT start without the configured ports free!
上午 02:07:26  [Apache] 	You need to uninstall/disable/reconfigure the blocking application
上午 02:07:26  [Apache] 	or reconfigure Apache and the Control Panel to listen on a different port
上午 02:07:26  [Apache] 	Problem detected!
上午 02:07:26  [Apache] 	Port 443 in use by "C:\Users\User001\Desktop\xampp\apache\bin\httpd.exe" with PID 15884!
上午 02:07:26  [Apache] 	Apache WILL NOT start without the configured ports free!
上午 02:07:26  [Apache] 	You need to uninstall/disable/reconfigure the blocking application
上午 02:07:26  [Apache] 	or reconfigure Apache and the Control Panel to listen on a different port
上午 02:07:26  [Apache] 	Attempting to start Apache app...
上午 02:07:26  [Apache] 	Status change detected: running
上午 02:07:27  [Apache] 	Status change detected: stopped
上午 02:07:27  [Apache] 	Error: Apache shutdown unexpectedly.
上午 02:07:27  [Apache] 	This may be due to a blocked port, missing dependencies, 
上午 02:07:27  [Apache] 	improper privileges, a crash, or a shutdown by another method.
上午 02:07:27  [Apache] 	Press the Logs button to view error logs and check
上午 02:07:27  [Apache] 	the Windows Event Viewer for more clues
上午 02:07:27  [Apache] 	If you need more help, copy and post this
上午 02:07:27  [Apache] 	entire log window on the forums
上午 02:07:32  [mysql] 	Attempting to stop MySQL app...
上午 02:07:32  [mysql] 	Status change detected: stopped
上午 02:07:33  [Apache] 	Problem detected!
上午 02:07:33  [Apache] 	Port 80 in use by "C:\Users\User001\Desktop\xampp\apache\bin\httpd.exe" with PID 15884!
上午 02:07:33  [Apache] 	Apache WILL NOT start without the configured ports free!
上午 02:07:33  [Apache] 	You need to uninstall/disable/reconfigure the blocking application
上午 02:07:33  [Apache] 	or reconfigure Apache and the Control Panel to listen on a different port
上午 02:07:33  [Apache] 	Problem detected!
上午 02:07:33  [Apache] 	Port 443 in use by "C:\Users\User001\Desktop\xampp\apache\bin\httpd.exe" with PID 15884!
上午 02:07:33  [Apache] 	Apache WILL NOT start without the configured ports free!
上午 02:07:33  [Apache] 	You need to uninstall/disable/reconfigure the blocking application
上午 02:07:33  [Apache] 	or reconfigure Apache and the Control Panel to listen on a different port
上午 02:07:33  [Apache] 	Attempting to start Apache app...
上午 02:07:33  [Apache] 	Status change detected: running
上午 02:07:34  [Apache] 	Status change detected: stopped
上午 02:07:34  [Apache] 	Error: Apache shutdown unexpectedly.
上午 02:07:34  [Apache] 	This may be due to a blocked port, missing dependencies, 
上午 02:07:34  [Apache] 	improper privileges, a crash, or a shutdown by another method.
上午 02:07:34  [Apache] 	Press the Logs button to view error logs and check
上午 02:07:34  [Apache] 	the Windows Event Viewer for more clues
上午 02:07:34  [Apache] 	If you need more help, copy and post this
上午 02:07:34  [Apache] 	entire log window on the forums
上午 02:08:24  [main] 	Deinitializing Modules
上午 02:08:24  [main] 	Deinitializing Control Panel

